\BOOKMARK [1][-]{section.1}{Introduction}{}% 1
\BOOKMARK [2][-]{subsection.1.1}{Background}{section.1}% 2
\BOOKMARK [2][-]{subsection.1.2}{Butterworth Filter}{section.1}% 3
\BOOKMARK [2][-]{subsection.1.3}{Chebyshev Filter}{section.1}% 4
\BOOKMARK [2][-]{subsection.1.4}{Multiple Feedback Filter Topology}{section.1}% 5
\BOOKMARK [1][-]{section.2}{Results}{}% 6
\BOOKMARK [2][-]{subsection.2.1}{Design requirements and specification}{section.2}% 7
\BOOKMARK [2][-]{subsection.2.2}{Calculations}{section.2}% 8
\BOOKMARK [2][-]{subsection.2.3}{Simulation Results}{section.2}% 9
\BOOKMARK [2][-]{subsection.2.4}{Schematic Design in LTSpice}{section.2}% 10
\BOOKMARK [1][-]{section.3}{Discussion}{}% 11
\BOOKMARK [2][-]{subsection.3.1}{Calculations for E24 Series Components}{section.3}% 12
\BOOKMARK [2][-]{subsection.3.2}{Schematic Design for E24 Series Components}{section.3}% 13
\BOOKMARK [2][-]{subsection.3.3}{Results of Changing to E24 Series Components}{section.3}% 14
\BOOKMARK [2][-]{subsection.3.4}{Effect of Component Tolerances}{section.3}% 15
\BOOKMARK [2][-]{subsection.3.5}{Design to Include Additional Amplification}{section.3}% 16
\BOOKMARK [1][-]{section.4}{Conclusion}{}% 17
\BOOKMARK [1][-]{section.4}{References}{}% 18
\BOOKMARK [1][-]{section*.3}{Appendices}{}% 19
\BOOKMARK [2][-]{subsection.Alph0.1}{Matlab Code}{section*.3}% 20
\BOOKMARK [2][-]{subsection.Alph0.2}{LTSpice Code}{section*.3}% 21
